  Source.cpp
C:\Users\Ammar\Desktop\CIS-200\FinalExam\FinalExam\Header.h(26,13): error C2248: 'Person::position': cannot access protected member declared in class 'Person'
C:\Users\Ammar\Desktop\CIS-200\FinalExam\FinalExam\Header.h(18): message : see declaration of 'Person::position'
C:\Users\Ammar\Desktop\CIS-200\FinalExam\FinalExam\Header.h(7): message : see declaration of 'Person'
C:\Users\Ammar\Desktop\CIS-200\FinalExam\FinalExam\Header.h(28,10): error C2248: 'Person::health': cannot access protected member declared in class 'Person'
C:\Users\Ammar\Desktop\CIS-200\FinalExam\FinalExam\Header.h(17): message : see declaration of 'Person::health'
C:\Users\Ammar\Desktop\CIS-200\FinalExam\FinalExam\Header.h(7): message : see declaration of 'Person'
C:\Users\Ammar\Desktop\CIS-200\FinalExam\FinalExam\Header.h(28,18): warning C4553: '==': result of expression not used; did you intend '='?
C:\Users\Ammar\Desktop\CIS-200\FinalExam\FinalExam\Header.h(31,13): error C2248: 'Person::position': cannot access protected member declared in class 'Person'
C:\Users\Ammar\Desktop\CIS-200\FinalExam\FinalExam\Header.h(18): message : see declaration of 'Person::position'
C:\Users\Ammar\Desktop\CIS-200\FinalExam\FinalExam\Header.h(7): message : see declaration of 'Person'
C:\Users\Ammar\Desktop\CIS-200\FinalExam\FinalExam\Header.h(33,10): error C2248: 'Person::health': cannot access protected member declared in class 'Person'
C:\Users\Ammar\Desktop\CIS-200\FinalExam\FinalExam\Header.h(17): message : see declaration of 'Person::health'
C:\Users\Ammar\Desktop\CIS-200\FinalExam\FinalExam\Header.h(7): message : see declaration of 'Person'
C:\Users\Ammar\Desktop\CIS-200\FinalExam\FinalExam\Header.h(33,18): warning C4553: '==': result of expression not used; did you intend '='?
C:\Users\Ammar\Desktop\CIS-200\FinalExam\FinalExam\Header.h(36,13): error C2248: 'Person::position': cannot access protected member declared in class 'Person'
C:\Users\Ammar\Desktop\CIS-200\FinalExam\FinalExam\Header.h(18): message : see declaration of 'Person::position'
C:\Users\Ammar\Desktop\CIS-200\FinalExam\FinalExam\Header.h(7): message : see declaration of 'Person'
C:\Users\Ammar\Desktop\CIS-200\FinalExam\FinalExam\Header.h(38,10): error C2248: 'Person::health': cannot access protected member declared in class 'Person'
C:\Users\Ammar\Desktop\CIS-200\FinalExam\FinalExam\Header.h(17): message : see declaration of 'Person::health'
C:\Users\Ammar\Desktop\CIS-200\FinalExam\FinalExam\Header.h(7): message : see declaration of 'Person'
C:\Users\Ammar\Desktop\CIS-200\FinalExam\FinalExam\Header.h(38,18): warning C4553: '==': result of expression not used; did you intend '='?
C:\Users\Ammar\Desktop\CIS-200\FinalExam\FinalExam\Header.h(41,13): error C2248: 'Person::position': cannot access protected member declared in class 'Person'
C:\Users\Ammar\Desktop\CIS-200\FinalExam\FinalExam\Header.h(18): message : see declaration of 'Person::position'
C:\Users\Ammar\Desktop\CIS-200\FinalExam\FinalExam\Header.h(7): message : see declaration of 'Person'
C:\Users\Ammar\Desktop\CIS-200\FinalExam\FinalExam\Header.h(43,10): error C2248: 'Person::health': cannot access protected member declared in class 'Person'
C:\Users\Ammar\Desktop\CIS-200\FinalExam\FinalExam\Header.h(17): message : see declaration of 'Person::health'
C:\Users\Ammar\Desktop\CIS-200\FinalExam\FinalExam\Header.h(7): message : see declaration of 'Person'
C:\Users\Ammar\Desktop\CIS-200\FinalExam\FinalExam\Header.h(43,18): warning C4553: '==': result of expression not used; did you intend '='?
C:\Users\Ammar\Desktop\CIS-200\FinalExam\FinalExam\Header.h(60,13): error C2248: 'Person::position': cannot access protected member declared in class 'Person'
C:\Users\Ammar\Desktop\CIS-200\FinalExam\FinalExam\Header.h(18): message : see declaration of 'Person::position'
C:\Users\Ammar\Desktop\CIS-200\FinalExam\FinalExam\Header.h(7): message : see declaration of 'Person'
C:\Users\Ammar\Desktop\CIS-200\FinalExam\FinalExam\Header.h(62,10): error C2248: 'Person::health': cannot access protected member declared in class 'Person'
C:\Users\Ammar\Desktop\CIS-200\FinalExam\FinalExam\Header.h(17): message : see declaration of 'Person::health'
C:\Users\Ammar\Desktop\CIS-200\FinalExam\FinalExam\Header.h(7): message : see declaration of 'Person'
C:\Users\Ammar\Desktop\CIS-200\FinalExam\FinalExam\Header.h(62,18): warning C4553: '==': result of expression not used; did you intend '='?
C:\Users\Ammar\Desktop\CIS-200\FinalExam\FinalExam\Header.h(65,13): error C2248: 'Person::position': cannot access protected member declared in class 'Person'
C:\Users\Ammar\Desktop\CIS-200\FinalExam\FinalExam\Header.h(18): message : see declaration of 'Person::position'
C:\Users\Ammar\Desktop\CIS-200\FinalExam\FinalExam\Header.h(7): message : see declaration of 'Person'
C:\Users\Ammar\Desktop\CIS-200\FinalExam\FinalExam\Header.h(67,10): error C2248: 'Person::health': cannot access protected member declared in class 'Person'
C:\Users\Ammar\Desktop\CIS-200\FinalExam\FinalExam\Header.h(17): message : see declaration of 'Person::health'
C:\Users\Ammar\Desktop\CIS-200\FinalExam\FinalExam\Header.h(7): message : see declaration of 'Person'
C:\Users\Ammar\Desktop\CIS-200\FinalExam\FinalExam\Header.h(67,18): warning C4553: '==': result of expression not used; did you intend '='?
C:\Users\Ammar\Desktop\CIS-200\FinalExam\FinalExam\Header.h(70,13): error C2248: 'Person::position': cannot access protected member declared in class 'Person'
C:\Users\Ammar\Desktop\CIS-200\FinalExam\FinalExam\Header.h(18): message : see declaration of 'Person::position'
C:\Users\Ammar\Desktop\CIS-200\FinalExam\FinalExam\Header.h(7): message : see declaration of 'Person'
C:\Users\Ammar\Desktop\CIS-200\FinalExam\FinalExam\Header.h(72,10): error C2248: 'Person::health': cannot access protected member declared in class 'Person'
C:\Users\Ammar\Desktop\CIS-200\FinalExam\FinalExam\Header.h(17): message : see declaration of 'Person::health'
C:\Users\Ammar\Desktop\CIS-200\FinalExam\FinalExam\Header.h(7): message : see declaration of 'Person'
C:\Users\Ammar\Desktop\CIS-200\FinalExam\FinalExam\Header.h(72,18): warning C4553: '==': result of expression not used; did you intend '='?
C:\Users\Ammar\Desktop\CIS-200\FinalExam\FinalExam\Header.h(75,13): error C2248: 'Person::position': cannot access protected member declared in class 'Person'
C:\Users\Ammar\Desktop\CIS-200\FinalExam\FinalExam\Header.h(18): message : see declaration of 'Person::position'
C:\Users\Ammar\Desktop\CIS-200\FinalExam\FinalExam\Header.h(7): message : see declaration of 'Person'
C:\Users\Ammar\Desktop\CIS-200\FinalExam\FinalExam\Header.h(77,10): error C2248: 'Person::health': cannot access protected member declared in class 'Person'
C:\Users\Ammar\Desktop\CIS-200\FinalExam\FinalExam\Header.h(17): message : see declaration of 'Person::health'
C:\Users\Ammar\Desktop\CIS-200\FinalExam\FinalExam\Header.h(7): message : see declaration of 'Person'
C:\Users\Ammar\Desktop\CIS-200\FinalExam\FinalExam\Header.h(77,18): warning C4553: '==': result of expression not used; did you intend '='?
C:\Users\Ammar\Desktop\CIS-200\FinalExam\FinalExam\Header.h(106,13): error C2248: 'Person::health': cannot access protected member declared in class 'Person'
C:\Users\Ammar\Desktop\CIS-200\FinalExam\FinalExam\Header.h(17): message : see declaration of 'Person::health'
C:\Users\Ammar\Desktop\CIS-200\FinalExam\FinalExam\Header.h(7): message : see declaration of 'Person'
